2024-12-02 00:23:20 [WARN]: Failed login attempt for email: adityawani2024main@gmail.com
2024-12-02 00:23:58 [INFO]: User logged in: adityawani2024main@gmail.com
2024-12-02 00:58:02 [INFO]: User logged in: adityawani2024main@gmail.com
2024-12-02 14:13:57 [INFO]: User logged in: adityawani2024main@gmail.com
2024-12-02 14:20:32 [INFO]: User logged in: adityawani2024main@gmail.com
2024-12-02 14:20:41 [WARN]: Failed login attempt for email: adityawani2024main@gmail.com
2024-12-02 14:20:48 [INFO]: User logged in: adityawani2024main@gmail.com
2024-12-02 14:25:07 [INFO]: User logged in: adityawani2024main@gmail.com
2024-12-02 14:53:06 [INFO]: Admin logged in: undefined
2024-12-02 14:56:11 [INFO]: User logged in: adityawani2024main@gmail.com
2024-12-02 15:35:26 [WARN]: Failed login attempt for email: adityawani2024main@gmail.com
2024-12-02 15:35:41 [INFO]: User logged in: adityawani2024main@gmail.com
2024-12-02 16:05:05 [INFO]: User logged in: adityawani2024main@gmail.com
2024-12-02 16:37:36 [INFO]: User logged in: adityawani2024main@gmail.com
2024-12-02 16:39:12 [INFO]: User logged in: adityawani2024main@gmail.com
2024-12-02 16:43:20 [INFO]: User logged in: adityawani_it@jspmrscoe.edu.in
2024-12-02 16:45:23 [INFO]: User logged in: adityawani2024main@gmail.com
2024-12-02 16:54:28 [ERROR]: Error during login: role is not defined
2024-12-02 16:56:21 [INFO]: user logged in: adityawani2024main@gmail.com
2024-12-02 16:57:15 [INFO]: undefined logged in: adityawani2024main@gmail.com
2024-12-02 16:58:27 [INFO]: undefined logged in: adityawani2024main@gmail.com
2024-12-02 16:59:09 [INFO]: undefined logged in: adityawani2024main@gmail.com
2024-12-02 16:59:59 [ERROR]: Error during login: Cannot read properties of undefined (reading 'role')
2024-12-02 17:00:26 [INFO]: undefined logged in: adityawani2024main@gmail.com
2024-12-02 17:00:40 [INFO]: undefined logged in: adityawani2024main@gmail.com
2024-12-02 17:01:23 [INFO]: undefined logged in: adityawani_it@jspmrscoe.edu.in
2024-12-02 17:01:40 [INFO]: undefined logged in: adityawani_it@jspmrscoe.edu.in
2024-12-02 17:01:59 [INFO]: admin logged in: adityawani_it@jspmrscoe.edu.in
2024-12-02 18:56:16 [INFO]: user logged in: adityawani2024main@gmail.com
2024-12-02 18:56:22 [WARN]: Failed login attempt for email: adityawani2024main@gmail.com
2024-12-02 18:56:27 [INFO]: user logged in: adityawani2024main@gmail.com
2024-12-02 18:57:26 [WARN]: Failed login attempt for email: adityawani2024main@gmail.com
2024-12-02 18:57:36 [INFO]: user logged in: adityawani2024main@gmail.com
2024-12-02 19:24:15 [INFO]: user logged in: adityawani2024main@gmail.com
2024-12-02 19:24:50 [INFO]: user logged in: adityawani2024main@gmail.com
2024-12-02 19:24:54 [WARN]: Failed login attempt for email: adityawani2024main@gmail.com
2024-12-02 19:25:02 [INFO]: user logged in: adityawani2024main@gmail.com
2024-12-02 19:42:10 [INFO]: user logged in: adityawani2024main@gmail.com
2024-12-02 19:42:12 [INFO]: user logged in: adityawani2024main@gmail.com
2024-12-02 19:42:56 [INFO]: user logged in: adityawani2024main@gmail.com
2024-12-02 19:43:44 [INFO]: user logged in: adityawani2024main@gmail.com
2024-12-02 19:43:45 [INFO]: user logged in: adityawani2024main@gmail.com
